<?xml version="1.0" encoding="UTF-8"?>
<testsuite name="petstore.Pet" tests="1" skipped="0" failures="0" errors="0" timestamp="2021-08-25T03:29:59" hostname="DESKTOP-1H5SUAV" time="4.523">
  <properties/>
  <testcase name="alterarPet" classname="petstore.Pet" time="4.523"/>
  <system-out><![CDATA[Request method:	PUT
Request URI:	https://petstore.swagger.io/v2/pet
Proxy:			<none>
Request params:	<none>
Query params:	<none>
Form params:	<none>
Path params:	<none>
Headers:		Accept=*/*
				Content-Type=application/json; charset=UTF-8
Cookies:		<none>
Multiparts:		<none>
Body:
{
    "category": {
        "id": 1,
        "name": "AX2345LORT"
    },
    "id": 1974080145,
    "name": "Atena",
    "photoUrls": [
        "string"
    ],
    "status": "sold",
    "tags": [
        {
            "id": 20210812,
            "name": "data"
        }
    ]
}
HTTP/1.1 200 OK
Date: Wed, 25 Aug 2021 03:30:03 GMT
Content-Type: application/json
Transfer-Encoding: chunked
Connection: keep-alive
Access-Control-Allow-Origin: *
Access-Control-Allow-Methods: GET, POST, DELETE, PUT
Access-Control-Allow-Headers: Content-Type, api_key, Authorization
Server: Jetty(9.2.9.v20150224)

{
    "id": 1974080145,
    "category": {
        "id": 1,
        "name": "AX2345LORT"
    },
    "name": "Atena",
    "photoUrls": [
        "string"
    ],
    "tags": [
        {
            "id": 20210812,
            "name": "data"
        }
    ],
    "status": "sold"
}
]]></system-out>
  <system-err><![CDATA[]]></system-err>
</testsuite>
